<?xml version="1.0" encoding="UTF-8"?>
<testng-results skipped="0" failed="1" ignored="0" total="4" passed="3">
  <reporter-output>
  </reporter-output>
  <suite name="CodeSolution" duration-ms="262021" started-at="2023-02-20T07:19:07Z" finished-at="2023-02-20T07:23:29Z">
    <groups>
    </groups>
    <test name="EndToEndUITests" duration-ms="262021" started-at="2023-02-20T07:19:07Z" finished-at="2023-02-20T07:23:29Z">
      <class name="tests.SearchFlights">
        <test-method status="PASS" signature="setup()[pri:0, instance:tests.SearchFlights@54c562f7]" name="setup" is-config="true" duration-ms="6831" started-at="2023-02-20T07:19:07Z" finished-at="2023-02-20T07:19:14Z">
          <reporter-output>
          </reporter-output>
        </test-method> <!-- setup -->
        <test-method status="PASS" signature="searchFlightWithTodayDateTest()[pri:0, instance:tests.SearchFlights@54c562f7]" name="searchFlightWithTodayDateTest" duration-ms="29495" started-at="2023-02-20T07:19:14Z" finished-at="2023-02-20T07:19:43Z">
          <reporter-output>
          </reporter-output>
        </test-method> <!-- searchFlightWithTodayDateTest -->
        <test-method status="PASS" signature="tearDown()[pri:0, instance:tests.SearchFlights@54c562f7]" name="tearDown" is-config="true" duration-ms="221" started-at="2023-02-20T07:19:43Z" finished-at="2023-02-20T07:19:43Z">
          <reporter-output>
          </reporter-output>
        </test-method> <!-- tearDown -->
        <test-method status="PASS" signature="setup()[pri:0, instance:tests.SearchFlights@54c562f7]" name="setup" is-config="true" duration-ms="4453" started-at="2023-02-20T07:19:43Z" finished-at="2023-02-20T07:19:48Z">
          <reporter-output>
          </reporter-output>
        </test-method> <!-- setup -->
        <test-method status="PASS" signature="searchFlightWithTomorrowDateTest()[pri:0, instance:tests.SearchFlights@54c562f7]" name="searchFlightWithTomorrowDateTest" duration-ms="28813" started-at="2023-02-20T07:19:48Z" finished-at="2023-02-20T07:20:17Z">
          <reporter-output>
          </reporter-output>
        </test-method> <!-- searchFlightWithTomorrowDateTest -->
        <test-method status="PASS" signature="tearDown()[pri:0, instance:tests.SearchFlights@54c562f7]" name="tearDown" is-config="true" duration-ms="216" started-at="2023-02-20T07:20:17Z" finished-at="2023-02-20T07:20:17Z">
          <reporter-output>
          </reporter-output>
        </test-method> <!-- tearDown -->
        <test-method status="PASS" signature="setup()[pri:0, instance:tests.SearchFlights@54c562f7]" name="setup" is-config="true" duration-ms="4276" started-at="2023-02-20T07:20:17Z" finished-at="2023-02-20T07:20:21Z">
          <reporter-output>
          </reporter-output>
        </test-method> <!-- setup -->
        <test-method status="PASS" signature="searchFlightsAndVerifyWithFlightNumber()[pri:0, instance:tests.SearchFlights@54c562f7]" name="searchFlightsAndVerifyWithFlightNumber" duration-ms="44423" started-at="2023-02-20T07:20:21Z" finished-at="2023-02-20T07:21:06Z">
          <reporter-output>
          </reporter-output>
        </test-method> <!-- searchFlightsAndVerifyWithFlightNumber -->
        <test-method status="PASS" signature="tearDown()[pri:0, instance:tests.SearchFlights@54c562f7]" name="tearDown" is-config="true" duration-ms="213" started-at="2023-02-20T07:21:06Z" finished-at="2023-02-20T07:21:06Z">
          <reporter-output>
          </reporter-output>
        </test-method> <!-- tearDown -->
        <test-method status="PASS" signature="setup()[pri:0, instance:tests.SearchFlights@54c562f7]" name="setup" is-config="true" duration-ms="4229" started-at="2023-02-20T07:21:06Z" finished-at="2023-02-20T07:21:10Z">
          <reporter-output>
          </reporter-output>
        </test-method> <!-- setup -->
        <test-method status="FAIL" signature="searchWithFlightNumber()[pri:0, instance:tests.SearchFlights@54c562f7]" name="searchWithFlightNumber" duration-ms="138548" started-at="2023-02-20T07:21:10Z" finished-at="2023-02-20T07:23:29Z">
          <exception class="java.lang.AssertionError">
            <message>
              <![CDATA[expected [true] but found [false]]]>
            </message>
            <full-stacktrace>
              <![CDATA[java.lang.AssertionError: expected [true] but found [false]
at org.testng.Assert.fail(Assert.java:96)
at org.testng.Assert.failNotEquals(Assert.java:776)
at org.testng.Assert.assertTrue(Assert.java:44)
at org.testng.Assert.assertTrue(Assert.java:54)
at tests.SearchFlights.searchWithFlightNumber(SearchFlights.java:205)
at sun.reflect.NativeMethodAccessorImpl.invoke0(Native Method)
at sun.reflect.NativeMethodAccessorImpl.invoke(NativeMethodAccessorImpl.java:62)
at sun.reflect.DelegatingMethodAccessorImpl.invoke(DelegatingMethodAccessorImpl.java:43)
at java.lang.reflect.Method.invoke(Method.java:498)
at org.testng.internal.MethodInvocationHelper.invokeMethod(MethodInvocationHelper.java:124)
at org.testng.internal.Invoker.invokeMethod(Invoker.java:583)
at org.testng.internal.Invoker.invokeTestMethod(Invoker.java:719)
at org.testng.internal.Invoker.invokeTestMethods(Invoker.java:989)
at org.testng.internal.TestMethodWorker.invokeTestMethods(TestMethodWorker.java:125)
at org.testng.internal.TestMethodWorker.run(TestMethodWorker.java:109)
at org.testng.TestRunner.privateRun(TestRunner.java:648)
at org.testng.TestRunner.run(TestRunner.java:505)
at org.testng.SuiteRunner.runTest(SuiteRunner.java:455)
at org.testng.SuiteRunner.runSequentially(SuiteRunner.java:450)
at org.testng.SuiteRunner.privateRun(SuiteRunner.java:415)
at org.testng.SuiteRunner.run(SuiteRunner.java:364)
at org.testng.SuiteRunnerWorker.runSuite(SuiteRunnerWorker.java:52)
at org.testng.SuiteRunnerWorker.run(SuiteRunnerWorker.java:84)
at org.testng.TestNG.runSuitesSequentially(TestNG.java:1208)
at org.testng.TestNG.runSuitesLocally(TestNG.java:1137)
at org.testng.TestNG.runSuites(TestNG.java:1049)
at org.testng.TestNG.run(TestNG.java:1017)
at org.testng.remote.AbstractRemoteTestNG.run(AbstractRemoteTestNG.java:115)
at org.testng.remote.RemoteTestNG.initAndRun(RemoteTestNG.java:251)
at org.testng.remote.RemoteTestNG.main(RemoteTestNG.java:77)
]]>
            </full-stacktrace>
          </exception> <!-- java.lang.AssertionError -->
          <reporter-output>
          </reporter-output>
        </test-method> <!-- searchWithFlightNumber -->
        <test-method status="PASS" signature="tearDown()[pri:0, instance:tests.SearchFlights@54c562f7]" name="tearDown" is-config="true" duration-ms="274" started-at="2023-02-20T07:23:29Z" finished-at="2023-02-20T07:23:29Z">
          <reporter-output>
          </reporter-output>
        </test-method> <!-- tearDown -->
      </class> <!-- tests.SearchFlights -->
    </test> <!-- EndToEndUITests -->
  </suite> <!-- CodeSolution -->
</testng-results>
